true 42 -1 -9223372036854775808

false
hello, world

true 7 mix
"
\
a	b
ab
a
b
-128 127
-32768 32767
-2147483648 2147483647
-9223372036854775808 9223372036854775807
-9223372036854775808 9223372036854775807
255 65535 4294967295
9223372036854775808 18446744073709551615
18446744073709551615
127
+1.500000e+000 +1.500000e+000
+5.000000e-001
3
+7.000000e+000
2305843284091600896
2305843009213693952
+0.000000e+000
(+1.500000e+000-2.500000e+000i)
(+1.500000e+000-2.500000e+000i)
(+1.500000e+000-2.500000e+000i)
3
+1.500000e+000
2305843284091600896
2305843009213693952
(+1.000000e+000+0.000000e+000i) (+1.000000e+000+0.000000e+000i)
(+1.500000e+000+0.000000e+000i) (+1.500000e+000+0.000000e+000i)
(+1.500000e+000-2.500000e+000i)
